CRITICAL - 2024-03-21 14:25:07 --> Error: Class "App\models\UsuarioModel" not found
in APPPATH/Controllers/Usuario.php on line 13.
 1 SYSTEMPATH/CodeIgniter.php(913): App\Controllers\Usuario->__construct()
 2 SYSTEMPATH/CodeIgniter.php(493): CodeIgniter\CodeIgniter->createController()
 3 SYSTEMPATH/CodeIgniter.php(361): CodeIgniter\CodeIgniter->handleRequest()
 4 FCPATH/index.php(79): CodeIgniter\CodeIgniter->run()
 5 SYSTEMPATH/Commands/Server/rewrite.php(47): require_once('/opt/lampp/htdocs/c14_biblioteca/public/index.php')
CRITICAL - 2024-03-21 14:26:18 --> Error: Class "App\models\UsuarioModel" not found
in APPPATH/Controllers/Usuario.php on line 13.
 1 SYSTEMPATH/CodeIgniter.php(913): App\Controllers\Usuario->__construct()
 2 SYSTEMPATH/CodeIgniter.php(493): CodeIgniter\CodeIgniter->createController()
 3 SYSTEMPATH/CodeIgniter.php(361): CodeIgniter\CodeIgniter->handleRequest()
 4 FCPATH/index.php(79): CodeIgniter\CodeIgniter->run()
 5 SYSTEMPATH/Commands/Server/rewrite.php(47): require_once('/opt/lampp/htdocs/c14_biblioteca/public/index.php')
CRITICAL - 2024-03-21 14:28:16 --> ErrorException: Undefined property: App\Controllers\Usuario::$usuariModel
in APPPATH/Controllers/Usuario.php on line 17.
 1 APPPATH/Controllers/Usuario.php(17): CodeIgniter\Debug\Exceptions->errorHandler()
 2 SYSTEMPATH/CodeIgniter.php(941): App\Controllers\Usuario->index()
 3 SYSTEMPATH/CodeIgniter.php(502): CodeIgniter\CodeIgniter->runController()
 4 SYSTEMPATH/CodeIgniter.php(361): CodeIgniter\CodeIgniter->handleRequest()
 5 FCPATH/index.php(79): CodeIgniter\CodeIgniter->run()
 6 SYSTEMPATH/Commands/Server/rewrite.php(47): require_once('/opt/lampp/htdocs/c14_biblioteca/public/index.php')
