CRITICAL - 2024-02-16 07:51:35 --> CodeIgniter\Exceptions\FrameworkException: The framework needs the following extension(s) installed and loaded: intl, mbstring.
in SYSTEMPATH/CodeIgniter.php on line 252.
 1 SYSTEMPATH/CodeIgniter.php(252): CodeIgniter\Exceptions\FrameworkException::forMissingExtension()
 2 SYSTEMPATH/CodeIgniter.php(214): CodeIgniter\CodeIgniter->resolvePlatformExtensions()
 3 ROOTPATH/spark(88): CodeIgniter\CodeIgniter->initialize()
CRITICAL - 2024-02-16 07:51:35 --> ErrorException: Uncaught Error: Class "Locale" not found in /opt/lampp/htdocs/ci4/system/I18n/TimeTrait.php:74
Stack trace:
#0 /opt/lampp/htdocs/ci4/system/I18n/TimeTrait.php(115): CodeIgniter\I18n\Time->__construct()
#1 /opt/lampp/htdocs/ci4/system/HTTP/ResponseTrait.php(468): CodeIgniter\I18n\Time::now()
#2 /opt/lampp/htdocs/ci4/system/HTTP/ResponseTrait.php(446): CodeIgniter\HTTP\Response->sendHeaders()
#3 /opt/lampp/htdocs/ci4/system/Debug/ExceptionHandler.php(81): CodeIgniter\HTTP\Response->send()
#4 /opt/lampp/htdocs/ci4/system/Debug/Exceptions.php(157): CodeIgniter\Debug\ExceptionHandler->handle()
#5 [internal function]: CodeIgniter\Debug\Exceptions->exceptionHandler()
#6 {main}
  thrown
【Previous Exception】
CodeIgniter\Exceptions\FrameworkException
The framework needs the following extension(s) installed and loaded: intl, mbstring.
#0 /opt/lampp/htdocs/ci4/system/CodeIgniter.php(252): CodeIgniter\Exceptions\FrameworkException::forMissingExtension()
#1 /opt/lampp/htdocs/ci4/system/CodeIgniter.php(214): CodeIgniter\CodeIgniter->resolvePlatformExtensions()
#2 /opt/lampp/htdocs/ci4/spark(88): CodeIgniter\CodeIgniter->initialize()
#3 {main}
in SYSTEMPATH/I18n/TimeTrait.php on line 74.
 1 [internal function]: CodeIgniter\Debug\Exceptions->shutdownHandler()
CRITICAL - 2024-02-16 07:51:47 --> CodeIgniter\Exceptions\FrameworkException: The framework needs the following extension(s) installed and loaded: intl, mbstring.
in SYSTEMPATH/CodeIgniter.php on line 252.
 1 SYSTEMPATH/CodeIgniter.php(252): CodeIgniter\Exceptions\FrameworkException::forMissingExtension()
 2 SYSTEMPATH/CodeIgniter.php(214): CodeIgniter\CodeIgniter->resolvePlatformExtensions()
 3 ROOTPATH/spark(88): CodeIgniter\CodeIgniter->initialize()
CRITICAL - 2024-02-16 07:51:47 --> ErrorException: Uncaught Error: Class "Locale" not found in /opt/lampp/htdocs/ci4/system/I18n/TimeTrait.php:74
Stack trace:
#0 /opt/lampp/htdocs/ci4/system/I18n/TimeTrait.php(115): CodeIgniter\I18n\Time->__construct()
#1 /opt/lampp/htdocs/ci4/system/HTTP/ResponseTrait.php(468): CodeIgniter\I18n\Time::now()
#2 /opt/lampp/htdocs/ci4/system/HTTP/ResponseTrait.php(446): CodeIgniter\HTTP\Response->sendHeaders()
#3 /opt/lampp/htdocs/ci4/system/Debug/ExceptionHandler.php(81): CodeIgniter\HTTP\Response->send()
#4 /opt/lampp/htdocs/ci4/system/Debug/Exceptions.php(157): CodeIgniter\Debug\ExceptionHandler->handle()
#5 [internal function]: CodeIgniter\Debug\Exceptions->exceptionHandler()
#6 {main}
  thrown
【Previous Exception】
CodeIgniter\Exceptions\FrameworkException
The framework needs the following extension(s) installed and loaded: intl, mbstring.
#0 /opt/lampp/htdocs/ci4/system/CodeIgniter.php(252): CodeIgniter\Exceptions\FrameworkException::forMissingExtension()
#1 /opt/lampp/htdocs/ci4/system/CodeIgniter.php(214): CodeIgniter\CodeIgniter->resolvePlatformExtensions()
#2 /opt/lampp/htdocs/ci4/spark(88): CodeIgniter\CodeIgniter->initialize()
#3 {main}
in SYSTEMPATH/I18n/TimeTrait.php on line 74.
 1 [internal function]: CodeIgniter\Debug\Exceptions->shutdownHandler()
CRITICAL - 2024-02-16 08:07:33 --> CodeIgniter\Exceptions\FrameworkException: The framework needs the following extension(s) installed and loaded: intl, mbstring.
in SYSTEMPATH/CodeIgniter.php on line 252.
 1 SYSTEMPATH/CodeIgniter.php(252): CodeIgniter\Exceptions\FrameworkException::forMissingExtension()
 2 SYSTEMPATH/CodeIgniter.php(214): CodeIgniter\CodeIgniter->resolvePlatformExtensions()
 3 ROOTPATH/spark(88): CodeIgniter\CodeIgniter->initialize()
CRITICAL - 2024-02-16 08:07:33 --> ErrorException: Uncaught Error: Class "Locale" not found in /opt/lampp/htdocs/ci4/system/I18n/TimeTrait.php:74
Stack trace:
#0 /opt/lampp/htdocs/ci4/system/I18n/TimeTrait.php(115): CodeIgniter\I18n\Time->__construct()
#1 /opt/lampp/htdocs/ci4/system/HTTP/ResponseTrait.php(468): CodeIgniter\I18n\Time::now()
#2 /opt/lampp/htdocs/ci4/system/HTTP/ResponseTrait.php(446): CodeIgniter\HTTP\Response->sendHeaders()
#3 /opt/lampp/htdocs/ci4/system/Debug/ExceptionHandler.php(81): CodeIgniter\HTTP\Response->send()
#4 /opt/lampp/htdocs/ci4/system/Debug/Exceptions.php(157): CodeIgniter\Debug\ExceptionHandler->handle()
#5 [internal function]: CodeIgniter\Debug\Exceptions->exceptionHandler()
#6 {main}
  thrown
【Previous Exception】
CodeIgniter\Exceptions\FrameworkException
The framework needs the following extension(s) installed and loaded: intl, mbstring.
#0 /opt/lampp/htdocs/ci4/system/CodeIgniter.php(252): CodeIgniter\Exceptions\FrameworkException::forMissingExtension()
#1 /opt/lampp/htdocs/ci4/system/CodeIgniter.php(214): CodeIgniter\CodeIgniter->resolvePlatformExtensions()
#2 /opt/lampp/htdocs/ci4/spark(88): CodeIgniter\CodeIgniter->initialize()
#3 {main}
in SYSTEMPATH/I18n/TimeTrait.php on line 74.
 1 [internal function]: CodeIgniter\Debug\Exceptions->shutdownHandler()
CRITICAL - 2024-02-16 08:08:42 --> CodeIgniter\Exceptions\FrameworkException: The framework needs the following extension(s) installed and loaded: intl, mbstring.
in SYSTEMPATH/CodeIgniter.php on line 252.
 1 SYSTEMPATH/CodeIgniter.php(252): CodeIgniter\Exceptions\FrameworkException::forMissingExtension()
 2 SYSTEMPATH/CodeIgniter.php(214): CodeIgniter\CodeIgniter->resolvePlatformExtensions()
 3 ROOTPATH/spark(88): CodeIgniter\CodeIgniter->initialize()
CRITICAL - 2024-02-16 08:08:42 --> ErrorException: Uncaught Error: Class "Locale" not found in /opt/lampp/htdocs/ci4/system/I18n/TimeTrait.php:74
Stack trace:
#0 /opt/lampp/htdocs/ci4/system/I18n/TimeTrait.php(115): CodeIgniter\I18n\Time->__construct()
#1 /opt/lampp/htdocs/ci4/system/HTTP/ResponseTrait.php(468): CodeIgniter\I18n\Time::now()
#2 /opt/lampp/htdocs/ci4/system/HTTP/ResponseTrait.php(446): CodeIgniter\HTTP\Response->sendHeaders()
#3 /opt/lampp/htdocs/ci4/system/Debug/ExceptionHandler.php(81): CodeIgniter\HTTP\Response->send()
#4 /opt/lampp/htdocs/ci4/system/Debug/Exceptions.php(157): CodeIgniter\Debug\ExceptionHandler->handle()
#5 [internal function]: CodeIgniter\Debug\Exceptions->exceptionHandler()
#6 {main}
  thrown
【Previous Exception】
CodeIgniter\Exceptions\FrameworkException
The framework needs the following extension(s) installed and loaded: intl, mbstring.
#0 /opt/lampp/htdocs/ci4/system/CodeIgniter.php(252): CodeIgniter\Exceptions\FrameworkException::forMissingExtension()
#1 /opt/lampp/htdocs/ci4/system/CodeIgniter.php(214): CodeIgniter\CodeIgniter->resolvePlatformExtensions()
#2 /opt/lampp/htdocs/ci4/spark(88): CodeIgniter\CodeIgniter->initialize()
#3 {main}
in SYSTEMPATH/I18n/TimeTrait.php on line 74.
 1 [internal function]: CodeIgniter\Debug\Exceptions->shutdownHandler()
CRITICAL - 2024-02-16 08:12:49 --> CodeIgniter\Exceptions\FrameworkException: The framework needs the following extension(s) installed and loaded: intl, mbstring.
in SYSTEMPATH/CodeIgniter.php on line 252.
 1 SYSTEMPATH/CodeIgniter.php(252): CodeIgniter\Exceptions\FrameworkException::forMissingExtension()
 2 SYSTEMPATH/CodeIgniter.php(214): CodeIgniter\CodeIgniter->resolvePlatformExtensions()
 3 ROOTPATH/spark(88): CodeIgniter\CodeIgniter->initialize()
CRITICAL - 2024-02-16 08:12:49 --> ErrorException: Uncaught Error: Class "Locale" not found in /opt/lampp/htdocs/ci4/system/I18n/TimeTrait.php:74
Stack trace:
#0 /opt/lampp/htdocs/ci4/system/I18n/TimeTrait.php(115): CodeIgniter\I18n\Time->__construct()
#1 /opt/lampp/htdocs/ci4/system/HTTP/ResponseTrait.php(468): CodeIgniter\I18n\Time::now()
#2 /opt/lampp/htdocs/ci4/system/HTTP/ResponseTrait.php(446): CodeIgniter\HTTP\Response->sendHeaders()
#3 /opt/lampp/htdocs/ci4/system/Debug/ExceptionHandler.php(81): CodeIgniter\HTTP\Response->send()
#4 /opt/lampp/htdocs/ci4/system/Debug/Exceptions.php(157): CodeIgniter\Debug\ExceptionHandler->handle()
#5 [internal function]: CodeIgniter\Debug\Exceptions->exceptionHandler()
#6 {main}
  thrown
【Previous Exception】
CodeIgniter\Exceptions\FrameworkException
The framework needs the following extension(s) installed and loaded: intl, mbstring.
#0 /opt/lampp/htdocs/ci4/system/CodeIgniter.php(252): CodeIgniter\Exceptions\FrameworkException::forMissingExtension()
#1 /opt/lampp/htdocs/ci4/system/CodeIgniter.php(214): CodeIgniter\CodeIgniter->resolvePlatformExtensions()
#2 /opt/lampp/htdocs/ci4/spark(88): CodeIgniter\CodeIgniter->initialize()
#3 {main}
in SYSTEMPATH/I18n/TimeTrait.php on line 74.
 1 [internal function]: CodeIgniter\Debug\Exceptions->shutdownHandler()
CRITICAL - 2024-02-16 08:17:33 --> CodeIgniter\Exceptions\FrameworkException: The framework needs the following extension(s) installed and loaded: "mbstring".
in SYSTEMPATH/CodeIgniter.php on line 252.
 1 SYSTEMPATH/CodeIgniter.php(252): CodeIgniter\Exceptions\FrameworkException::forMissingExtension()
 2 SYSTEMPATH/CodeIgniter.php(214): CodeIgniter\CodeIgniter->resolvePlatformExtensions()
 3 ROOTPATH/spark(88): CodeIgniter\CodeIgniter->initialize()
CRITICAL - 2024-02-16 08:18:13 --> CodeIgniter\Exceptions\FrameworkException: The framework needs the following extension(s) installed and loaded: "mbstring".
in SYSTEMPATH/CodeIgniter.php on line 252.
 1 SYSTEMPATH/CodeIgniter.php(252): CodeIgniter\Exceptions\FrameworkException::forMissingExtension()
 2 SYSTEMPATH/CodeIgniter.php(214): CodeIgniter\CodeIgniter->resolvePlatformExtensions()
 3 ROOTPATH/spark(88): CodeIgniter\CodeIgniter->initialize()
CRITICAL - 2024-02-16 08:18:25 --> CodeIgniter\Exceptions\FrameworkException: The framework needs the following extension(s) installed and loaded: "mbstring".
in SYSTEMPATH/CodeIgniter.php on line 252.
 1 SYSTEMPATH/CodeIgniter.php(252): CodeIgniter\Exceptions\FrameworkException::forMissingExtension()
 2 SYSTEMPATH/CodeIgniter.php(214): CodeIgniter\CodeIgniter->resolvePlatformExtensions()
 3 ROOTPATH/spark(88): CodeIgniter\CodeIgniter->initialize()
CRITICAL - 2024-02-16 08:18:29 --> CodeIgniter\Exceptions\FrameworkException: The framework needs the following extension(s) installed and loaded: "mbstring".
in SYSTEMPATH/CodeIgniter.php on line 252.
 1 SYSTEMPATH/CodeIgniter.php(252): CodeIgniter\Exceptions\FrameworkException::forMissingExtension()
 2 SYSTEMPATH/CodeIgniter.php(214): CodeIgniter\CodeIgniter->resolvePlatformExtensions()
 3 ROOTPATH/spark(88): CodeIgniter\CodeIgniter->initialize()
CRITICAL - 2024-02-16 08:20:17 --> CodeIgniter\Exceptions\FrameworkException: The framework needs the following extension(s) installed and loaded: "mbstring".
in SYSTEMPATH/CodeIgniter.php on line 252.
 1 SYSTEMPATH/CodeIgniter.php(252): CodeIgniter\Exceptions\FrameworkException::forMissingExtension()
 2 SYSTEMPATH/CodeIgniter.php(214): CodeIgniter\CodeIgniter->resolvePlatformExtensions()
 3 ROOTPATH/spark(88): CodeIgniter\CodeIgniter->initialize()
CRITICAL - 2024-02-16 08:20:25 --> CodeIgniter\Exceptions\FrameworkException: The framework needs the following extension(s) installed and loaded: "mbstring".
in SYSTEMPATH/CodeIgniter.php on line 252.
 1 SYSTEMPATH/CodeIgniter.php(252): CodeIgniter\Exceptions\FrameworkException::forMissingExtension()
 2 SYSTEMPATH/CodeIgniter.php(214): CodeIgniter\CodeIgniter->resolvePlatformExtensions()
 3 ROOTPATH/spark(88): CodeIgniter\CodeIgniter->initialize()
CRITICAL - 2024-02-16 08:21:10 --> CodeIgniter\Exceptions\FrameworkException: The framework needs the following extension(s) installed and loaded: "mbstring".
in SYSTEMPATH/CodeIgniter.php on line 252.
 1 SYSTEMPATH/CodeIgniter.php(252): CodeIgniter\Exceptions\FrameworkException::forMissingExtension()
 2 SYSTEMPATH/CodeIgniter.php(214): CodeIgniter\CodeIgniter->resolvePlatformExtensions()
 3 ROOTPATH/spark(88): CodeIgniter\CodeIgniter->initialize()
CRITICAL - 2024-02-16 08:22:11 --> CodeIgniter\Exceptions\FrameworkException: The framework needs the following extension(s) installed and loaded: "mbstring".
in SYSTEMPATH/CodeIgniter.php on line 252.
 1 SYSTEMPATH/CodeIgniter.php(252): CodeIgniter\Exceptions\FrameworkException::forMissingExtension()
 2 SYSTEMPATH/CodeIgniter.php(214): CodeIgniter\CodeIgniter->resolvePlatformExtensions()
 3 ROOTPATH/spark(88): CodeIgniter\CodeIgniter->initialize()
