ERROR - 2024-05-28 16:58:37 --> mysqli_sql_exception: Cannot delete or update a parent row: a foreign key constraint fails (`biblioteca`.`obra`, CONSTRAINT `obra_ibfk_1` FOREIGN KEY (`id_editora`) REFERENCES `editora` (`id`)) in /opt/lampp/htdocs/ci4_biblioteca/system/Database/MySQLi/Connection.php:306
Stack trace:
#0 /opt/lampp/htdocs/ci4_biblioteca/system/Database/MySQLi/Connection.php(306): mysqli->query()
#1 /opt/lampp/htdocs/ci4_biblioteca/system/Database/BaseConnection.php(693): CodeIgniter\Database\MySQLi\Connection->execute()
#2 /opt/lampp/htdocs/ci4_biblioteca/system/Database/BaseConnection.php(607): CodeIgniter\Database\BaseConnection->simpleQuery()
#3 /opt/lampp/htdocs/ci4_biblioteca/system/Database/BaseBuilder.php(2787): CodeIgniter\Database\BaseConnection->query()
#4 /opt/lampp/htdocs/ci4_biblioteca/system/Model.php(453): CodeIgniter\Database\BaseBuilder->delete()
#5 /opt/lampp/htdocs/ci4_biblioteca/system/BaseModel.php(1117): CodeIgniter\Model->doDelete()
#6 /opt/lampp/htdocs/ci4_biblioteca/app/Controllers/Editora.php(43): CodeIgniter\BaseModel->delete()
#7 /opt/lampp/htdocs/ci4_biblioteca/system/CodeIgniter.php(941): App\Controllers\Editora->excluir()
#8 /opt/lampp/htdocs/ci4_biblioteca/system/CodeIgniter.php(502): CodeIgniter\CodeIgniter->runController()
#9 /opt/lampp/htdocs/ci4_biblioteca/system/CodeIgniter.php(361): CodeIgniter\CodeIgniter->handleRequest()
#10 /opt/lampp/htdocs/ci4_biblioteca/public/index.php(79): CodeIgniter\CodeIgniter->run()
#11 /opt/lampp/htdocs/ci4_biblioteca/system/Commands/Server/rewrite.php(47): require_once('...')
#12 {main}
CRITICAL - 2024-05-28 16:58:37 --> CodeIgniter\Database\Exceptions\DatabaseException: Cannot delete or update a parent row: a foreign key constraint fails (`biblioteca`.`obra`, CONSTRAINT `obra_ibfk_1` FOREIGN KEY (`id_editora`) REFERENCES `editora` (`id`))
in SYSTEMPATH/Database/BaseConnection.php on line 647.
 1 SYSTEMPATH/Database/BaseBuilder.php(2787): CodeIgniter\Database\BaseConnection->query()
 2 SYSTEMPATH/Model.php(453): CodeIgniter\Database\BaseBuilder->delete()
 3 SYSTEMPATH/BaseModel.php(1117): CodeIgniter\Model->doDelete()
 4 APPPATH/Controllers/Editora.php(43): CodeIgniter\BaseModel->delete()
 5 SYSTEMPATH/CodeIgniter.php(941): App\Controllers\Editora->excluir()
 6 SYSTEMPATH/CodeIgniter.php(502): CodeIgniter\CodeIgniter->runController()
 7 SYSTEMPATH/CodeIgniter.php(361): CodeIgniter\CodeIgniter->handleRequest()
 8 FCPATH/index.php(79): CodeIgniter\CodeIgniter->run()
 9 SYSTEMPATH/Commands/Server/rewrite.php(47): require_once('/opt/lampp/htdocs/ci4_biblioteca/public/index.php')
CRITICAL - 2024-05-28 16:58:37 --> [Caused by] CodeIgniter\Database\Exceptions\DatabaseException: Cannot delete or update a parent row: a foreign key constraint fails (`biblioteca`.`obra`, CONSTRAINT `obra_ibfk_1` FOREIGN KEY (`id_editora`) REFERENCES `editora` (`id`))
in SYSTEMPATH/Database/MySQLi/Connection.php on line 311.
 1 SYSTEMPATH/Database/BaseConnection.php(693): CodeIgniter\Database\MySQLi\Connection->execute()
 2 SYSTEMPATH/Database/BaseConnection.php(607): CodeIgniter\Database\BaseConnection->simpleQuery()
 3 SYSTEMPATH/Database/BaseBuilder.php(2787): CodeIgniter\Database\BaseConnection->query()
 4 SYSTEMPATH/Model.php(453): CodeIgniter\Database\BaseBuilder->delete()
 5 SYSTEMPATH/BaseModel.php(1117): CodeIgniter\Model->doDelete()
 6 APPPATH/Controllers/Editora.php(43): CodeIgniter\BaseModel->delete()
 7 SYSTEMPATH/CodeIgniter.php(941): App\Controllers\Editora->excluir()
 8 SYSTEMPATH/CodeIgniter.php(502): CodeIgniter\CodeIgniter->runController()
 9 SYSTEMPATH/CodeIgniter.php(361): CodeIgniter\CodeIgniter->handleRequest()
10 FCPATH/index.php(79): CodeIgniter\CodeIgniter->run()
11 SYSTEMPATH/Commands/Server/rewrite.php(47): require_once('/opt/lampp/htdocs/ci4_biblioteca/public/index.php')
CRITICAL - 2024-05-28 16:58:37 --> [Caused by] mysqli_sql_exception: Cannot delete or update a parent row: a foreign key constraint fails (`biblioteca`.`obra`, CONSTRAINT `obra_ibfk_1` FOREIGN KEY (`id_editora`) REFERENCES `editora` (`id`))
in SYSTEMPATH/Database/MySQLi/Connection.php on line 306.
 1 SYSTEMPATH/Database/MySQLi/Connection.php(306): mysqli->query()
 2 SYSTEMPATH/Database/BaseConnection.php(693): CodeIgniter\Database\MySQLi\Connection->execute()
 3 SYSTEMPATH/Database/BaseConnection.php(607): CodeIgniter\Database\BaseConnection->simpleQuery()
 4 SYSTEMPATH/Database/BaseBuilder.php(2787): CodeIgniter\Database\BaseConnection->query()
 5 SYSTEMPATH/Model.php(453): CodeIgniter\Database\BaseBuilder->delete()
 6 SYSTEMPATH/BaseModel.php(1117): CodeIgniter\Model->doDelete()
 7 APPPATH/Controllers/Editora.php(43): CodeIgniter\BaseModel->delete()
 8 SYSTEMPATH/CodeIgniter.php(941): App\Controllers\Editora->excluir()
 9 SYSTEMPATH/CodeIgniter.php(502): CodeIgniter\CodeIgniter->runController()
10 SYSTEMPATH/CodeIgniter.php(361): CodeIgniter\CodeIgniter->handleRequest()
11 FCPATH/index.php(79): CodeIgniter\CodeIgniter->run()
12 SYSTEMPATH/Commands/Server/rewrite.php(47): require_once('/opt/lampp/htdocs/ci4_biblioteca/public/index.php')
ERROR - 2024-05-28 17:00:14 --> mysqli_sql_exception: Cannot delete or update a parent row: a foreign key constraint fails (`biblioteca`.`obra`, CONSTRAINT `obra_ibfk_1` FOREIGN KEY (`id_editora`) REFERENCES `editora` (`id`)) in /opt/lampp/htdocs/ci4_biblioteca/system/Database/MySQLi/Connection.php:306
Stack trace:
#0 /opt/lampp/htdocs/ci4_biblioteca/system/Database/MySQLi/Connection.php(306): mysqli->query()
#1 /opt/lampp/htdocs/ci4_biblioteca/system/Database/BaseConnection.php(693): CodeIgniter\Database\MySQLi\Connection->execute()
#2 /opt/lampp/htdocs/ci4_biblioteca/system/Database/BaseConnection.php(607): CodeIgniter\Database\BaseConnection->simpleQuery()
#3 /opt/lampp/htdocs/ci4_biblioteca/system/Database/BaseBuilder.php(2787): CodeIgniter\Database\BaseConnection->query()
#4 /opt/lampp/htdocs/ci4_biblioteca/system/Model.php(453): CodeIgniter\Database\BaseBuilder->delete()
#5 /opt/lampp/htdocs/ci4_biblioteca/system/BaseModel.php(1117): CodeIgniter\Model->doDelete()
#6 /opt/lampp/htdocs/ci4_biblioteca/app/Controllers/Editora.php(43): CodeIgniter\BaseModel->delete()
#7 /opt/lampp/htdocs/ci4_biblioteca/system/CodeIgniter.php(941): App\Controllers\Editora->excluir()
#8 /opt/lampp/htdocs/ci4_biblioteca/system/CodeIgniter.php(502): CodeIgniter\CodeIgniter->runController()
#9 /opt/lampp/htdocs/ci4_biblioteca/system/CodeIgniter.php(361): CodeIgniter\CodeIgniter->handleRequest()
#10 /opt/lampp/htdocs/ci4_biblioteca/public/index.php(79): CodeIgniter\CodeIgniter->run()
#11 /opt/lampp/htdocs/ci4_biblioteca/system/Commands/Server/rewrite.php(47): require_once('...')
#12 {main}
CRITICAL - 2024-05-28 17:00:14 --> CodeIgniter\Database\Exceptions\DatabaseException: Cannot delete or update a parent row: a foreign key constraint fails (`biblioteca`.`obra`, CONSTRAINT `obra_ibfk_1` FOREIGN KEY (`id_editora`) REFERENCES `editora` (`id`))
in SYSTEMPATH/Database/BaseConnection.php on line 647.
 1 SYSTEMPATH/Database/BaseBuilder.php(2787): CodeIgniter\Database\BaseConnection->query()
 2 SYSTEMPATH/Model.php(453): CodeIgniter\Database\BaseBuilder->delete()
 3 SYSTEMPATH/BaseModel.php(1117): CodeIgniter\Model->doDelete()
 4 APPPATH/Controllers/Editora.php(43): CodeIgniter\BaseModel->delete()
 5 SYSTEMPATH/CodeIgniter.php(941): App\Controllers\Editora->excluir()
 6 SYSTEMPATH/CodeIgniter.php(502): CodeIgniter\CodeIgniter->runController()
 7 SYSTEMPATH/CodeIgniter.php(361): CodeIgniter\CodeIgniter->handleRequest()
 8 FCPATH/index.php(79): CodeIgniter\CodeIgniter->run()
 9 SYSTEMPATH/Commands/Server/rewrite.php(47): require_once('/opt/lampp/htdocs/ci4_biblioteca/public/index.php')
CRITICAL - 2024-05-28 17:00:14 --> [Caused by] CodeIgniter\Database\Exceptions\DatabaseException: Cannot delete or update a parent row: a foreign key constraint fails (`biblioteca`.`obra`, CONSTRAINT `obra_ibfk_1` FOREIGN KEY (`id_editora`) REFERENCES `editora` (`id`))
in SYSTEMPATH/Database/MySQLi/Connection.php on line 311.
 1 SYSTEMPATH/Database/BaseConnection.php(693): CodeIgniter\Database\MySQLi\Connection->execute()
 2 SYSTEMPATH/Database/BaseConnection.php(607): CodeIgniter\Database\BaseConnection->simpleQuery()
 3 SYSTEMPATH/Database/BaseBuilder.php(2787): CodeIgniter\Database\BaseConnection->query()
 4 SYSTEMPATH/Model.php(453): CodeIgniter\Database\BaseBuilder->delete()
 5 SYSTEMPATH/BaseModel.php(1117): CodeIgniter\Model->doDelete()
 6 APPPATH/Controllers/Editora.php(43): CodeIgniter\BaseModel->delete()
 7 SYSTEMPATH/CodeIgniter.php(941): App\Controllers\Editora->excluir()
 8 SYSTEMPATH/CodeIgniter.php(502): CodeIgniter\CodeIgniter->runController()
 9 SYSTEMPATH/CodeIgniter.php(361): CodeIgniter\CodeIgniter->handleRequest()
10 FCPATH/index.php(79): CodeIgniter\CodeIgniter->run()
11 SYSTEMPATH/Commands/Server/rewrite.php(47): require_once('/opt/lampp/htdocs/ci4_biblioteca/public/index.php')
CRITICAL - 2024-05-28 17:00:14 --> [Caused by] mysqli_sql_exception: Cannot delete or update a parent row: a foreign key constraint fails (`biblioteca`.`obra`, CONSTRAINT `obra_ibfk_1` FOREIGN KEY (`id_editora`) REFERENCES `editora` (`id`))
in SYSTEMPATH/Database/MySQLi/Connection.php on line 306.
 1 SYSTEMPATH/Database/MySQLi/Connection.php(306): mysqli->query()
 2 SYSTEMPATH/Database/BaseConnection.php(693): CodeIgniter\Database\MySQLi\Connection->execute()
 3 SYSTEMPATH/Database/BaseConnection.php(607): CodeIgniter\Database\BaseConnection->simpleQuery()
 4 SYSTEMPATH/Database/BaseBuilder.php(2787): CodeIgniter\Database\BaseConnection->query()
 5 SYSTEMPATH/Model.php(453): CodeIgniter\Database\BaseBuilder->delete()
 6 SYSTEMPATH/BaseModel.php(1117): CodeIgniter\Model->doDelete()
 7 APPPATH/Controllers/Editora.php(43): CodeIgniter\BaseModel->delete()
 8 SYSTEMPATH/CodeIgniter.php(941): App\Controllers\Editora->excluir()
 9 SYSTEMPATH/CodeIgniter.php(502): CodeIgniter\CodeIgniter->runController()
10 SYSTEMPATH/CodeIgniter.php(361): CodeIgniter\CodeIgniter->handleRequest()
11 FCPATH/index.php(79): CodeIgniter\CodeIgniter->run()
12 SYSTEMPATH/Commands/Server/rewrite.php(47): require_once('/opt/lampp/htdocs/ci4_biblioteca/public/index.php')
CRITICAL - 2024-05-28 17:04:21 --> CodeIgniter\Database\Exceptions\DatabaseException: Deletes are not allowed unless they contain a "where" or "like" clause.
in SYSTEMPATH/Database/BaseBuilder.php on line 2763.
 1 SYSTEMPATH/Model.php(453): CodeIgniter\Database\BaseBuilder->delete()
 2 SYSTEMPATH/BaseModel.php(1117): CodeIgniter\Model->doDelete()
 3 APPPATH/Controllers/Editora.php(43): CodeIgniter\BaseModel->delete()
 4 SYSTEMPATH/CodeIgniter.php(941): App\Controllers\Editora->excluir()
 5 SYSTEMPATH/CodeIgniter.php(502): CodeIgniter\CodeIgniter->runController()
 6 SYSTEMPATH/CodeIgniter.php(361): CodeIgniter\CodeIgniter->handleRequest()
 7 FCPATH/index.php(79): CodeIgniter\CodeIgniter->run()
 8 SYSTEMPATH/Commands/Server/rewrite.php(47): require_once('/opt/lampp/htdocs/ci4_biblioteca/public/index.php')
CRITICAL - 2024-05-28 17:06:43 --> CodeIgniter\Database\Exceptions\DatabaseException: Deletes are not allowed unless they contain a "where" or "like" clause.
in SYSTEMPATH/Database/BaseBuilder.php on line 2763.
 1 SYSTEMPATH/Model.php(453): CodeIgniter\Database\BaseBuilder->delete()
 2 SYSTEMPATH/BaseModel.php(1117): CodeIgniter\Model->doDelete()
 3 APPPATH/Controllers/Editora.php(44): CodeIgniter\BaseModel->delete()
 4 SYSTEMPATH/CodeIgniter.php(941): App\Controllers\Editora->excluir()
 5 SYSTEMPATH/CodeIgniter.php(502): CodeIgniter\CodeIgniter->runController()
 6 SYSTEMPATH/CodeIgniter.php(361): CodeIgniter\CodeIgniter->handleRequest()
 7 FCPATH/index.php(79): CodeIgniter\CodeIgniter->run()
 8 SYSTEMPATH/Commands/Server/rewrite.php(47): require_once('/opt/lampp/htdocs/ci4_biblioteca/public/index.php')
CRITICAL - 2024-05-28 17:06:45 --> CodeIgniter\Database\Exceptions\DatabaseException: Deletes are not allowed unless they contain a "where" or "like" clause.
in SYSTEMPATH/Database/BaseBuilder.php on line 2763.
 1 SYSTEMPATH/Model.php(453): CodeIgniter\Database\BaseBuilder->delete()
 2 SYSTEMPATH/BaseModel.php(1117): CodeIgniter\Model->doDelete()
 3 APPPATH/Controllers/Editora.php(44): CodeIgniter\BaseModel->delete()
 4 SYSTEMPATH/CodeIgniter.php(941): App\Controllers\Editora->excluir()
 5 SYSTEMPATH/CodeIgniter.php(502): CodeIgniter\CodeIgniter->runController()
 6 SYSTEMPATH/CodeIgniter.php(361): CodeIgniter\CodeIgniter->handleRequest()
 7 FCPATH/index.php(79): CodeIgniter\CodeIgniter->run()
 8 SYSTEMPATH/Commands/Server/rewrite.php(47): require_once('/opt/lampp/htdocs/ci4_biblioteca/public/index.php')
CRITICAL - 2024-05-28 17:06:49 --> CodeIgniter\Database\Exceptions\DatabaseException: Deletes are not allowed unless they contain a "where" or "like" clause.
in SYSTEMPATH/Database/BaseBuilder.php on line 2763.
 1 SYSTEMPATH/Model.php(453): CodeIgniter\Database\BaseBuilder->delete()
 2 SYSTEMPATH/BaseModel.php(1117): CodeIgniter\Model->doDelete()
 3 APPPATH/Controllers/Editora.php(44): CodeIgniter\BaseModel->delete()
 4 SYSTEMPATH/CodeIgniter.php(941): App\Controllers\Editora->excluir()
 5 SYSTEMPATH/CodeIgniter.php(502): CodeIgniter\CodeIgniter->runController()
 6 SYSTEMPATH/CodeIgniter.php(361): CodeIgniter\CodeIgniter->handleRequest()
 7 FCPATH/index.php(79): CodeIgniter\CodeIgniter->run()
 8 SYSTEMPATH/Commands/Server/rewrite.php(47): require_once('/opt/lampp/htdocs/ci4_biblioteca/public/index.php')
CRITICAL - 2024-05-28 17:07:05 --> CodeIgniter\Database\Exceptions\DatabaseException: Deletes are not allowed unless they contain a "where" or "like" clause.
in SYSTEMPATH/Database/BaseBuilder.php on line 2763.
 1 SYSTEMPATH/Model.php(453): CodeIgniter\Database\BaseBuilder->delete()
 2 SYSTEMPATH/BaseModel.php(1117): CodeIgniter\Model->doDelete()
 3 APPPATH/Controllers/Editora.php(44): CodeIgniter\BaseModel->delete()
 4 SYSTEMPATH/CodeIgniter.php(941): App\Controllers\Editora->excluir()
 5 SYSTEMPATH/CodeIgniter.php(502): CodeIgniter\CodeIgniter->runController()
 6 SYSTEMPATH/CodeIgniter.php(361): CodeIgniter\CodeIgniter->handleRequest()
 7 FCPATH/index.php(79): CodeIgniter\CodeIgniter->run()
 8 SYSTEMPATH/Commands/Server/rewrite.php(47): require_once('/opt/lampp/htdocs/ci4_biblioteca/public/index.php')
CRITICAL - 2024-05-28 17:07:07 --> CodeIgniter\Database\Exceptions\DatabaseException: Deletes are not allowed unless they contain a "where" or "like" clause.
in SYSTEMPATH/Database/BaseBuilder.php on line 2763.
 1 SYSTEMPATH/Model.php(453): CodeIgniter\Database\BaseBuilder->delete()
 2 SYSTEMPATH/BaseModel.php(1117): CodeIgniter\Model->doDelete()
 3 APPPATH/Controllers/Editora.php(44): CodeIgniter\BaseModel->delete()
 4 SYSTEMPATH/CodeIgniter.php(941): App\Controllers\Editora->excluir()
 5 SYSTEMPATH/CodeIgniter.php(502): CodeIgniter\CodeIgniter->runController()
 6 SYSTEMPATH/CodeIgniter.php(361): CodeIgniter\CodeIgniter->handleRequest()
 7 FCPATH/index.php(79): CodeIgniter\CodeIgniter->run()
 8 SYSTEMPATH/Commands/Server/rewrite.php(47): require_once('/opt/lampp/htdocs/ci4_biblioteca/public/index.php')
CRITICAL - 2024-05-28 17:11:22 --> CodeIgniter\Database\Exceptions\DatabaseException: Deletes are not allowed unless they contain a "where" or "like" clause.
in SYSTEMPATH/Database/BaseBuilder.php on line 2763.
 1 SYSTEMPATH/Model.php(453): CodeIgniter\Database\BaseBuilder->delete()
 2 SYSTEMPATH/BaseModel.php(1117): CodeIgniter\Model->doDelete()
 3 APPPATH/Controllers/Editora.php(44): CodeIgniter\BaseModel->delete()
 4 SYSTEMPATH/CodeIgniter.php(941): App\Controllers\Editora->excluir()
 5 SYSTEMPATH/CodeIgniter.php(502): CodeIgniter\CodeIgniter->runController()
 6 SYSTEMPATH/CodeIgniter.php(361): CodeIgniter\CodeIgniter->handleRequest()
 7 FCPATH/index.php(79): CodeIgniter\CodeIgniter->run()
 8 SYSTEMPATH/Commands/Server/rewrite.php(47): require_once('/opt/lampp/htdocs/ci4_biblioteca/public/index.php')
CRITICAL - 2024-05-28 17:11:34 --> CodeIgniter\Database\Exceptions\DatabaseException: Deletes are not allowed unless they contain a "where" or "like" clause.
in SYSTEMPATH/Database/BaseBuilder.php on line 2763.
 1 SYSTEMPATH/Model.php(453): CodeIgniter\Database\BaseBuilder->delete()
 2 SYSTEMPATH/BaseModel.php(1117): CodeIgniter\Model->doDelete()
 3 APPPATH/Controllers/Editora.php(44): CodeIgniter\BaseModel->delete()
 4 SYSTEMPATH/CodeIgniter.php(941): App\Controllers\Editora->excluir()
 5 SYSTEMPATH/CodeIgniter.php(502): CodeIgniter\CodeIgniter->runController()
 6 SYSTEMPATH/CodeIgniter.php(361): CodeIgniter\CodeIgniter->handleRequest()
 7 FCPATH/index.php(79): CodeIgniter\CodeIgniter->run()
 8 SYSTEMPATH/Commands/Server/rewrite.php(47): require_once('/opt/lampp/htdocs/ci4_biblioteca/public/index.php')
CRITICAL - 2024-05-28 17:15:30 --> ErrorException: Undefined variable $usuario
in APPPATH/Views/editora/edit.php on line 7.
 1 APPPATH/Views/editora/edit.php(7): CodeIgniter\Debug\Exceptions->errorHandler()
 2 SYSTEMPATH/View/View.php(228): include('/opt/lampp/htdocs/ci4_biblioteca/app/Views/editora/edit.php')
 3 SYSTEMPATH/View/View.php(231): CodeIgniter\View\View->CodeIgniter\View\{closure}()
 4 SYSTEMPATH/Common.php(1178): CodeIgniter\View\View->render()
 5 APPPATH/Controllers/Editora.php(33): view()
 6 SYSTEMPATH/CodeIgniter.php(941): App\Controllers\Editora->editar()
 7 SYSTEMPATH/CodeIgniter.php(502): CodeIgniter\CodeIgniter->runController()
 8 SYSTEMPATH/CodeIgniter.php(361): CodeIgniter\CodeIgniter->handleRequest()
 9 FCPATH/index.php(79): CodeIgniter\CodeIgniter->run()
10 SYSTEMPATH/Commands/Server/rewrite.php(47): require_once('/opt/lampp/htdocs/ci4_biblioteca/public/index.php')
CRITICAL - 2024-05-28 17:15:32 --> ErrorException: Undefined variable $usuario
in APPPATH/Views/editora/edit.php on line 7.
 1 APPPATH/Views/editora/edit.php(7): CodeIgniter\Debug\Exceptions->errorHandler()
 2 SYSTEMPATH/View/View.php(228): include('/opt/lampp/htdocs/ci4_biblioteca/app/Views/editora/edit.php')
 3 SYSTEMPATH/View/View.php(231): CodeIgniter\View\View->CodeIgniter\View\{closure}()
 4 SYSTEMPATH/Common.php(1178): CodeIgniter\View\View->render()
 5 APPPATH/Controllers/Editora.php(33): view()
 6 SYSTEMPATH/CodeIgniter.php(941): App\Controllers\Editora->editar()
 7 SYSTEMPATH/CodeIgniter.php(502): CodeIgniter\CodeIgniter->runController()
 8 SYSTEMPATH/CodeIgniter.php(361): CodeIgniter\CodeIgniter->handleRequest()
 9 FCPATH/index.php(79): CodeIgniter\CodeIgniter->run()
10 SYSTEMPATH/Commands/Server/rewrite.php(47): require_once('/opt/lampp/htdocs/ci4_biblioteca/public/index.php')
CRITICAL - 2024-05-28 17:15:33 --> ErrorException: Undefined variable $usuario
in APPPATH/Views/editora/edit.php on line 7.
 1 APPPATH/Views/editora/edit.php(7): CodeIgniter\Debug\Exceptions->errorHandler()
 2 SYSTEMPATH/View/View.php(228): include('/opt/lampp/htdocs/ci4_biblioteca/app/Views/editora/edit.php')
 3 SYSTEMPATH/View/View.php(231): CodeIgniter\View\View->CodeIgniter\View\{closure}()
 4 SYSTEMPATH/Common.php(1178): CodeIgniter\View\View->render()
 5 APPPATH/Controllers/Editora.php(33): view()
 6 SYSTEMPATH/CodeIgniter.php(941): App\Controllers\Editora->editar()
 7 SYSTEMPATH/CodeIgniter.php(502): CodeIgniter\CodeIgniter->runController()
 8 SYSTEMPATH/CodeIgniter.php(361): CodeIgniter\CodeIgniter->handleRequest()
 9 FCPATH/index.php(79): CodeIgniter\CodeIgniter->run()
10 SYSTEMPATH/Commands/Server/rewrite.php(47): require_once('/opt/lampp/htdocs/ci4_biblioteca/public/index.php')
CRITICAL - 2024-05-28 17:16:14 --> ErrorException: Undefined variable $usuario
in APPPATH/Views/editora/edit.php on line 7.
 1 APPPATH/Views/editora/edit.php(7): CodeIgniter\Debug\Exceptions->errorHandler()
 2 SYSTEMPATH/View/View.php(228): include('/opt/lampp/htdocs/ci4_biblioteca/app/Views/editora/edit.php')
 3 SYSTEMPATH/View/View.php(231): CodeIgniter\View\View->CodeIgniter\View\{closure}()
 4 SYSTEMPATH/Common.php(1178): CodeIgniter\View\View->render()
 5 APPPATH/Controllers/Editora.php(33): view()
 6 SYSTEMPATH/CodeIgniter.php(941): App\Controllers\Editora->editar()
 7 SYSTEMPATH/CodeIgniter.php(502): CodeIgniter\CodeIgniter->runController()
 8 SYSTEMPATH/CodeIgniter.php(361): CodeIgniter\CodeIgniter->handleRequest()
 9 FCPATH/index.php(79): CodeIgniter\CodeIgniter->run()
10 SYSTEMPATH/Commands/Server/rewrite.php(47): require_once('/opt/lampp/htdocs/ci4_biblioteca/public/index.php')
CRITICAL - 2024-05-28 17:17:24 --> ErrorException: Undefined variable $usuario
in APPPATH/Views/editora/edit.php on line 7.
 1 APPPATH/Views/editora/edit.php(7): CodeIgniter\Debug\Exceptions->errorHandler()
 2 SYSTEMPATH/View/View.php(228): include('/opt/lampp/htdocs/ci4_biblioteca/app/Views/editora/edit.php')
 3 SYSTEMPATH/View/View.php(231): CodeIgniter\View\View->CodeIgniter\View\{closure}()
 4 SYSTEMPATH/Common.php(1178): CodeIgniter\View\View->render()
 5 APPPATH/Controllers/Editora.php(33): view()
 6 SYSTEMPATH/CodeIgniter.php(941): App\Controllers\Editora->editar()
 7 SYSTEMPATH/CodeIgniter.php(502): CodeIgniter\CodeIgniter->runController()
 8 SYSTEMPATH/CodeIgniter.php(361): CodeIgniter\CodeIgniter->handleRequest()
 9 FCPATH/index.php(79): CodeIgniter\CodeIgniter->run()
10 SYSTEMPATH/Commands/Server/rewrite.php(47): require_once('/opt/lampp/htdocs/ci4_biblioteca/public/index.php')
CRITICAL - 2024-05-28 17:18:29 --> ErrorException: Undefined variable $usuario
in APPPATH/Views/editora/edit.php on line 7.
 1 APPPATH/Views/editora/edit.php(7): CodeIgniter\Debug\Exceptions->errorHandler()
 2 SYSTEMPATH/View/View.php(228): include('/opt/lampp/htdocs/ci4_biblioteca/app/Views/editora/edit.php')
 3 SYSTEMPATH/View/View.php(231): CodeIgniter\View\View->CodeIgniter\View\{closure}()
 4 SYSTEMPATH/Common.php(1178): CodeIgniter\View\View->render()
 5 APPPATH/Controllers/Editora.php(33): view()
 6 SYSTEMPATH/CodeIgniter.php(941): App\Controllers\Editora->editar()
 7 SYSTEMPATH/CodeIgniter.php(502): CodeIgniter\CodeIgniter->runController()
 8 SYSTEMPATH/CodeIgniter.php(361): CodeIgniter\CodeIgniter->handleRequest()
 9 FCPATH/index.php(79): CodeIgniter\CodeIgniter->run()
10 SYSTEMPATH/Commands/Server/rewrite.php(47): require_once('/opt/lampp/htdocs/ci4_biblioteca/public/index.php')
